<?xml version="1.0" encoding="UTF-8"?>
<testng-results ignored="0" total="1" passed="1" failed="0" skipped="0">
  <reporter-output>
  </reporter-output>
  <suite started-at="2023-04-09T20:09:00 IST" name="Default suite" finished-at="2023-04-09T20:09:05 IST" duration-ms="4200">
    <groups>
    </groups>
    <test started-at="2023-04-09T20:09:00 IST" name="Default test" finished-at="2023-04-09T20:09:05 IST" duration-ms="4200">
      <class name="test.LoginTest">
        <test-method is-config="true" signature="beforeClass()[pri:0, instance:test.LoginTest@2c767a52]" started-at="2023-04-09T20:09:00 IST" name="beforeClass" finished-at="2023-04-09T20:09:04 IST" duration-ms="3447" status="PASS">
          <reporter-output>
          </reporter-output>
        </test-method> <!-- beforeClass -->
        <test-method signature="login()[pri:0, instance:test.LoginTest@2c767a52]" started-at="2023-04-09T20:09:04 IST" name="login" finished-at="2023-04-09T20:09:05 IST" duration-ms="690" status="PASS">
          <reporter-output>
          </reporter-output>
        </test-method> <!-- login -->
        <test-method is-config="true" signature="afterClass()[pri:0, instance:test.LoginTest@2c767a52]" started-at="2023-04-09T20:09:05 IST" name="afterClass" finished-at="2023-04-09T20:09:05 IST" duration-ms="0" status="PASS">
          <reporter-output>
          </reporter-output>
        </test-method> <!-- afterClass -->
      </class> <!-- test.LoginTest -->
    </test> <!-- Default test -->
  </suite> <!-- Default suite -->
</testng-results>
